<?xml version="1.0" encoding="UTF-8"?>
<!-- Generated by org.testng.reporters.JUnitXMLReporter -->
<testsuite hostname="LAPTOP-I6QIRHOM" ignored="0" name="BankManagerLoginTest" tests="1" failures="1" timestamp="29 Dec 2019 06:51:24 GMT" time="3.538" errors="0">
  <testcase name="bankManagerLoginTest" time="2.573" classname="com.w2a.testcases.BankManagerLoginTest">
    <failure type="java.lang.AssertionError" message="expected [b] but found [a]">
      <![CDATA[java.lang.AssertionError: expected [b] but found [a]
	at com.w2a.testcases.BankManagerLoginTest.bankManagerLoginTest(BankManagerLoginTest.java:34)
... Removed 34 stack frames]]>
    </failure>
  </testcase> <!-- bankManagerLoginTest -->
</testsuite> <!-- BankManagerLoginTest -->
