<?xml version="1.0" encoding="UTF-8"?>
<!-- Generated by org.testng.reporters.JUnitXMLReporter -->
<testsuite hostname="LAPTOP-I6QIRHOM" ignored="0" name="OpenAccountTest" tests="4" failures="0" timestamp="29 Dec 2019 06:51:38 GMT" time="10.443" errors="0">
  <testcase name="openAccountTest" time="2.858" classname="com.w2a.testcases.OpenAccountTest"/>
  <testcase name="openAccountTest" time="2.335" classname="com.w2a.testcases.OpenAccountTest"/>
  <testcase name="openAccountTest" time="2.613" classname="com.w2a.testcases.OpenAccountTest"/>
  <testcase name="openAccountTest" time="2.29" classname="com.w2a.testcases.OpenAccountTest"/>
</testsuite> <!-- OpenAccountTest -->
