<?xml version="1.0" encoding="UTF-8"?>
<testsuite name="AddCustomerTest"
           tests="4"
           failures="0"
           errors="0"
           skipped="0"
           time="2.492">
  <properties />
  
  
            <testcase name="addCustomerTest" time="0.426" classname="com.w2a.testcases.AddCustomerTest" />
                <testcase name="addCustomerTest" time="1.104" classname="com.w2a.testcases.AddCustomerTest" />
                <testcase name="addCustomerTest" time="0.437" classname="com.w2a.testcases.AddCustomerTest" />
                <testcase name="addCustomerTest" time="0.525" classname="com.w2a.testcases.AddCustomerTest" />
      
</testsuite>
